Info: Starting: Create block symbol file (.bsf)
Info: ip-generate --project-directory=C:/work/Zhuhai2014/DE0Course/ --output-directory=C:/work/Zhuhai2014/DE0Course/NIOS_Sys/ --report-file=bsf:C:/work/Zhuhai2014/DE0Course/NIOS_Sys.bsf --system-info=DEVICE_FAMILY="Cyclone IV E" --system-info=DEVICE=EP4CE22F17C6 --system-info=DEVICE_SPEEDGRADE=6 --component-file=C:/work/Zhuhai2014/DE0Course/NIOS_Sys.qsys
Progress: Loading DE0Course/NIOS_Sys.qsys
Progress: Reading input file
Progress: Adding clk_0 [clock_source 13.0]
Progress: Parameterizing module clk_0
Progress: Adding nios2_qsys_0 [altera_nios2_qsys 13.0]
Progress: Parameterizing module nios2_qsys_0
Progress: Adding sdram [altera_avalon_new_sdram_controller 13.0.1.99.2]
Progress: Parameterizing module sdram
Progress: Adding led [altera_avalon_pio 13.0.1.99.2]
Progress: Parameterizing module led
Progress: Adding key [altera_avalon_pio 13.0.1.99.2]
Progress: Parameterizing module key
Progress: Adding sw [altera_avalon_pio 13.0.1.99.2]
Progress: Parameterizing module sw
Progress: Adding timer [altera_avalon_timer 13.0.1.99.2]
Progress: Parameterizing module timer
Progress: Adding performance_counter [altera_avalon_performance_counter 13.0.1.99.2]
Progress: Parameterizing module performance_counter
Progress: Adding altpll_0 [altpll 13.0]
Progress: Parameterizing module altpll_0
Progress: Building connections
Progress: Parameterizing connections
Progress: Validating
Progress: Done reading input file
Info: NIOS_Sys.key: PIO inputs are not hardwired in test bench. Undefined values will be read from PIO inputs during simulation.
Info: NIOS_Sys.sw: PIO inputs are not hardwired in test bench. Undefined values will be read from PIO inputs during simulation.
Warning: NIOS_Sys.altpll_0: altpll_0.pll_slave must be connected to an Avalon-MM master
Warning: NIOS_Sys.altpll_0: altpll_0.areset_conduit must be exported, or connected to a matching conduit.
Warning: NIOS_Sys.altpll_0: altpll_0.locked_conduit must be exported, or connected to a matching conduit.
Warning: NIOS_Sys.altpll_0: altpll_0.phasedone_conduit must be exported, or connected to a matching conduit.
Info: ip-generate succeeded.
Info: Finished: Create block symbol file (.bsf)
Info: 
Info: Starting: Create HDL design files for synthesis
Info: ip-generate --project-directory=C:/work/Zhuhai2014/DE0Course/ --output-directory=C:/work/Zhuhai2014/DE0Course/NIOS_Sys/synthesis/ --file-set=QUARTUS_SYNTH --report-file=sopcinfo:C:/work/Zhuhai2014/DE0Course/NIOS_Sys.sopcinfo --report-file=html:C:/work/Zhuhai2014/DE0Course/NIOS_Sys.html --report-file=qip:C:/work/Zhuhai2014/DE0Course/NIOS_Sys/synthesis/NIOS_Sys.qip --report-file=cmp:C:/work/Zhuhai2014/DE0Course/NIOS_Sys.cmp --report-file=svd --system-info=DEVICE_FAMILY="Cyclone IV E" --system-info=DEVICE=EP4CE22F17C6 --system-info=DEVICE_SPEEDGRADE=6 --component-file=C:/work/Zhuhai2014/DE0Course/NIOS_Sys.qsys --language=VERILOG
Progress: Loading DE0Course/NIOS_Sys.qsys
Progress: Reading input file
Progress: Adding clk_0 [clock_source 13.0]
Progress: Parameterizing module clk_0
Progress: Adding nios2_qsys_0 [altera_nios2_qsys 13.0]
Progress: Parameterizing module nios2_qsys_0
Progress: Adding sdram [altera_avalon_new_sdram_controller 13.0.1.99.2]
Progress: Parameterizing module sdram
Progress: Adding led [altera_avalon_pio 13.0.1.99.2]
Progress: Parameterizing module led
Progress: Adding key [altera_avalon_pio 13.0.1.99.2]
Progress: Parameterizing module key
Progress: Adding sw [altera_avalon_pio 13.0.1.99.2]
Progress: Parameterizing module sw
Progress: Adding timer [altera_avalon_timer 13.0.1.99.2]
Progress: Parameterizing module timer
Progress: Adding performance_counter [altera_avalon_performance_counter 13.0.1.99.2]
Progress: Parameterizing module performance_counter
Progress: Adding altpll_0 [altpll 13.0]
Progress: Parameterizing module altpll_0
Progress: Building connections
Progress: Parameterizing connections
Progress: Validating
Progress: Done reading input file
Info: NIOS_Sys.key: PIO inputs are not hardwired in test bench. Undefined values will be read from PIO inputs during simulation.
Info: NIOS_Sys.sw: PIO inputs are not hardwired in test bench. Undefined values will be read from PIO inputs during simulation.
Warning: NIOS_Sys.altpll_0: altpll_0.pll_slave must be connected to an Avalon-MM master
Warning: NIOS_Sys.altpll_0: altpll_0.areset_conduit must be exported, or connected to a matching conduit.
Warning: NIOS_Sys.altpll_0: altpll_0.locked_conduit must be exported, or connected to a matching conduit.
Warning: NIOS_Sys.altpll_0: altpll_0.phasedone_conduit must be exported, or connected to a matching conduit.
Info: NIOS_Sys: Generating NIOS_Sys "NIOS_Sys" for QUARTUS_SYNTH
Info: pipeline_bridge_swap_transform: After transform: 9 modules, 35 connections
Info: No custom instruction connections, skipping transform 
Info: merlin_translator_transform: After transform: 18 modules, 68 connections
Info: merlin_domain_transform: After transform: 36 modules, 179 connections
Info: merlin_router_transform: After transform: 45 modules, 212 connections
Info: merlin_traffic_limiter_transform: After transform: 47 modules, 220 connections
Info: merlin_burst_transform: After transform: 48 modules, 224 connections
Info: reset_adaptation_transform: After transform: 51 modules, 193 connections
Info: merlin_network_to_switch_transform: After transform: 68 modules, 229 connections
Info: merlin_width_transform: After transform: 70 modules, 235 connections
Info: limiter_update_transform: After transform: 70 modules, 237 connections
Info: merlin_mm_transform: After transform: 70 modules, 237 connections
Info: merlin_interrupt_mapper_transform: After transform: 71 modules, 240 connections
Info: nios2_qsys_0: Starting RTL generation for module 'NIOS_Sys_nios2_qsys_0'
Info: nios2_qsys_0:   Generation command is [exec C:/altera/13.0sp1/quartus/../ip/altera/nios2_ip/altera_nios2/eperl.exe -I C:/altera/13.0sp1/quartus/common/ip/altera/common/perl/5.8.3 -I C:/altera/13.0sp1/quartus/sopc_builder/bin/europa -I C:/altera/13.0sp1/quartus/sopc_builder/bin/perl_lib -I C:/altera/13.0sp1/quartus/sopc_builder/bin -I C:/altera/13.0sp1/quartus/../ip/altera/nios2_ip/altera_nios2/cpu_lib -I C:/altera/13.0sp1/quartus/../ip/altera/nios2_ip/altera_nios2/nios_lib -I C:/altera/13.0sp1/quartus/../ip/altera/nios2_ip/altera_nios2 -I C:/altera/13.0sp1/quartus/../ip/altera/nios2_ip/altera_nios2 -- C:/altera/13.0sp1/quartus/../ip/altera/nios2_ip/altera_nios2/generate_rtl.epl --name=NIOS_Sys_nios2_qsys_0 --dir=C:/Users/OLIVER~1/AppData/Local/Temp/alt6289_8182014254720594577.dir/0001_nios2_qsys_0_gen/ --quartus_dir=C:/altera/13.0sp1/quartus --verilog --config=C:/Users/OLIVER~1/AppData/Local/Temp/alt6289_8182014254720594577.dir/0001_nios2_qsys_0_gen//NIOS_Sys_nios2_qsys_0_processor_configuration.pl  --do_build_sim=0    --bogus  ]
Info: nios2_qsys_0: # 2014.08.07 13:09:05 (*) Starting Nios II generation
Info: nios2_qsys_0: # 2014.08.07 13:09:05 (*)   Checking for plaintext license.
Info: nios2_qsys_0: # 2014.08.07 13:09:07 (*)   Plaintext license not found.
Info: nios2_qsys_0: # 2014.08.07 13:09:07 (*)   Checking for encrypted license (non-evaluation).
Info: nios2_qsys_0: # 2014.08.07 13:09:08 (*)   Encrypted license found.  SOF will not be time-limited.
Info: nios2_qsys_0: # 2014.08.07 13:09:08 (*)   Elaborating CPU configuration settings
Info: nios2_qsys_0: # 2014.08.07 13:09:08 (*)   Creating all objects for CPU
Info: nios2_qsys_0: # 2014.08.07 13:09:08 (*)     Testbench
Info: nios2_qsys_0: # 2014.08.07 13:09:08 (*)     Instruction decoding
Info: nios2_qsys_0: # 2014.08.07 13:09:08 (*)       Instruction fields
Info: nios2_qsys_0: # 2014.08.07 13:09:08 (*)       Instruction decodes
Info: nios2_qsys_0: # 2014.08.07 13:09:09 (*)       Signals for RTL simulation waveforms
Info: nios2_qsys_0: # 2014.08.07 13:09:09 (*)       Instruction controls
Info: nios2_qsys_0: # 2014.08.07 13:09:09 (*)     Pipeline frontend
Info: nios2_qsys_0: # 2014.08.07 13:09:09 (*)     Pipeline backend
Info: nios2_qsys_0: # 2014.08.07 13:09:11 (*)   Generating RTL from CPU objects
Info: nios2_qsys_0: # 2014.08.07 13:09:14 (*)   Creating encrypted RTL
Info: nios2_qsys_0: # 2014.08.07 13:09:15 (*) Done Nios II generation
Info: nios2_qsys_0: Done RTL generation for module 'NIOS_Sys_nios2_qsys_0'
Info: nios2_qsys_0: "NIOS_Sys" instantiated altera_nios2_qsys "nios2_qsys_0"
Info: sdram: Starting RTL generation for module 'NIOS_Sys_sdram'
Info: sdram:   Generation command is [exec C:/altera/13.0sp1/quartus/bin/perl/bin/perl.exe -I C:/altera/13.0sp1/quartus/common/ip/altera/common/perl/5.8.3 -I C:/altera/13.0sp1/quartus/sopc_builder/bin/europa -I C:/altera/13.0sp1/quartus/sopc_builder/bin/perl_lib -I C:/altera/13.0sp1/quartus/sopc_builder/bin -I C:/altera/13.0sp1/quartus/../ip/altera/sopc_builder_ip/common -I C:/altera/13.0sp1/quartus/../ip/altera/sopc_builder_ip/altera_avalon_new_sdram_controller -- C:/altera/13.0sp1/quartus/../ip/altera/sopc_builder_ip/altera_avalon_new_sdram_controller/generate_rtl.pl --name=NIOS_Sys_sdram --dir=C:/Users/OLIVER~1/AppData/Local/Temp/alt6289_8182014254720594577.dir/0002_sdram_gen/ --quartus_dir=C:/altera/13.0sp1/quartus --verilog --config=C:/Users/OLIVER~1/AppData/Local/Temp/alt6289_8182014254720594577.dir/0002_sdram_gen//NIOS_Sys_sdram_component_configuration.pl  --do_build_sim=0  ]
Info: sdram: Done RTL generation for module 'NIOS_Sys_sdram'
Info: sdram: "NIOS_Sys" instantiated altera_avalon_new_sdram_controller "sdram"
Info: led: Starting RTL generation for module 'NIOS_Sys_led'
Info: led:   Generation command is [exec C:/altera/13.0sp1/quartus/bin/perl/bin/perl.exe -I C:/altera/13.0sp1/quartus/common/ip/altera/common/perl/5.8.3 -I C:/altera/13.0sp1/quartus/sopc_builder/bin/europa -I C:/altera/13.0sp1/quartus/sopc_builder/bin/perl_lib -I C:/altera/13.0sp1/quartus/sopc_builder/bin -I C:/altera/13.0sp1/quartus/../ip/altera/sopc_builder_ip/common -I C:/altera/13.0sp1/quartus/../ip/altera/sopc_builder_ip/altera_avalon_pio -- C:/altera/13.0sp1/quartus/../ip/altera/sopc_builder_ip/altera_avalon_pio/generate_rtl.pl --name=NIOS_Sys_led --dir=C:/Users/OLIVER~1/AppData/Local/Temp/alt6289_8182014254720594577.dir/0003_led_gen/ --quartus_dir=C:/altera/13.0sp1/quartus --verilog --config=C:/Users/OLIVER~1/AppData/Local/Temp/alt6289_8182014254720594577.dir/0003_led_gen//NIOS_Sys_led_component_configuration.pl  --do_build_sim=0  ]
Info: led: Done RTL generation for module 'NIOS_Sys_led'
Info: led: "NIOS_Sys" instantiated altera_avalon_pio "led"
Info: key: Starting RTL generation for module 'NIOS_Sys_key'
Info: key:   Generation command is [exec C:/altera/13.0sp1/quartus/bin/perl/bin/perl.exe -I C:/altera/13.0sp1/quartus/common/ip/altera/common/perl/5.8.3 -I C:/altera/13.0sp1/quartus/sopc_builder/bin/europa -I C:/altera/13.0sp1/quartus/sopc_builder/bin/perl_lib -I C:/altera/13.0sp1/quartus/sopc_builder/bin -I C:/altera/13.0sp1/quartus/../ip/altera/sopc_builder_ip/common -I C:/altera/13.0sp1/quartus/../ip/altera/sopc_builder_ip/altera_avalon_pio -- C:/altera/13.0sp1/quartus/../ip/altera/sopc_builder_ip/altera_avalon_pio/generate_rtl.pl --name=NIOS_Sys_key --dir=C:/Users/OLIVER~1/AppData/Local/Temp/alt6289_8182014254720594577.dir/0004_key_gen/ --quartus_dir=C:/altera/13.0sp1/quartus --verilog --config=C:/Users/OLIVER~1/AppData/Local/Temp/alt6289_8182014254720594577.dir/0004_key_gen//NIOS_Sys_key_component_configuration.pl  --do_build_sim=0  ]
Info: key: Done RTL generation for module 'NIOS_Sys_key'
Info: key: "NIOS_Sys" instantiated altera_avalon_pio "key"
Info: sw: Starting RTL generation for module 'NIOS_Sys_sw'
Info: sw:   Generation command is [exec C:/altera/13.0sp1/quartus/bin/perl/bin/perl.exe -I C:/altera/13.0sp1/quartus/common/ip/altera/common/perl/5.8.3 -I C:/altera/13.0sp1/quartus/sopc_builder/bin/europa -I C:/altera/13.0sp1/quartus/sopc_builder/bin/perl_lib -I C:/altera/13.0sp1/quartus/sopc_builder/bin -I C:/altera/13.0sp1/quartus/../ip/altera/sopc_builder_ip/common -I C:/altera/13.0sp1/quartus/../ip/altera/sopc_builder_ip/altera_avalon_pio -- C:/altera/13.0sp1/quartus/../ip/altera/sopc_builder_ip/altera_avalon_pio/generate_rtl.pl --name=NIOS_Sys_sw --dir=C:/Users/OLIVER~1/AppData/Local/Temp/alt6289_8182014254720594577.dir/0005_sw_gen/ --quartus_dir=C:/altera/13.0sp1/quartus --verilog --config=C:/Users/OLIVER~1/AppData/Local/Temp/alt6289_8182014254720594577.dir/0005_sw_gen//NIOS_Sys_sw_component_configuration.pl  --do_build_sim=0  ]
Info: sw: Done RTL generation for module 'NIOS_Sys_sw'
Info: sw: "NIOS_Sys" instantiated altera_avalon_pio "sw"
Info: timer: Starting RTL generation for module 'NIOS_Sys_timer'
Info: timer:   Generation command is [exec C:/altera/13.0sp1/quartus/bin/perl/bin/perl.exe -I C:/altera/13.0sp1/quartus/common/ip/altera/common/perl/5.8.3 -I C:/altera/13.0sp1/quartus/sopc_builder/bin/europa -I C:/altera/13.0sp1/quartus/sopc_builder/bin/perl_lib -I C:/altera/13.0sp1/quartus/sopc_builder/bin -I C:/altera/13.0sp1/quartus/../ip/altera/sopc_builder_ip/common -I C:/altera/13.0sp1/quartus/../ip/altera/sopc_builder_ip/altera_avalon_timer -- C:/altera/13.0sp1/quartus/../ip/altera/sopc_builder_ip/altera_avalon_timer/generate_rtl.pl --name=NIOS_Sys_timer --dir=C:/Users/OLIVER~1/AppData/Local/Temp/alt6289_8182014254720594577.dir/0006_timer_gen/ --quartus_dir=C:/altera/13.0sp1/quartus --verilog --config=C:/Users/OLIVER~1/AppData/Local/Temp/alt6289_8182014254720594577.dir/0006_timer_gen//NIOS_Sys_timer_component_configuration.pl  --do_build_sim=0  ]
Info: timer: Done RTL generation for module 'NIOS_Sys_timer'
Info: timer: "NIOS_Sys" instantiated altera_avalon_timer "timer"
Info: performance_counter: Starting RTL generation for module 'NIOS_Sys_performance_counter'
Info: performance_counter:   Generation command is [exec C:/altera/13.0sp1/quartus/bin/perl/bin/perl.exe -I C:/altera/13.0sp1/quartus/common/ip/altera/common/perl/5.8.3 -I C:/altera/13.0sp1/quartus/sopc_builder/bin/europa -I C:/altera/13.0sp1/quartus/sopc_builder/bin/perl_lib -I C:/altera/13.0sp1/quartus/sopc_builder/bin -I C:/altera/13.0sp1/quartus/../ip/altera/sopc_builder_ip/common -I C:/altera/13.0sp1/quartus/../ip/altera/sopc_builder_ip/altera_avalon_performance_counter -- C:/altera/13.0sp1/quartus/../ip/altera/sopc_builder_ip/altera_avalon_performance_counter/generate_rtl.pl --name=NIOS_Sys_performance_counter --dir=C:/Users/OLIVER~1/AppData/Local/Temp/alt6289_8182014254720594577.dir/0007_performance_counter_gen/ --quartus_dir=C:/altera/13.0sp1/quartus --verilog --config=C:/Users/OLIVER~1/AppData/Local/Temp/alt6289_8182014254720594577.dir/0007_performance_counter_gen//NIOS_Sys_performance_counter_component_configuration.pl  --do_build_sim=0  ]
Info: performance_counter: Done RTL generation for module 'NIOS_Sys_performance_counter'
Info: performance_counter: "NIOS_Sys" instantiated altera_avalon_performance_counter "performance_counter"
Info: altpll_0: "NIOS_Sys" instantiated altpll "altpll_0"
Info: nios2_qsys_0_instruction_master_translator: "NIOS_Sys" instantiated altera_merlin_master_translator "nios2_qsys_0_instruction_master_translator"
Info: nios2_qsys_0_jtag_debug_module_translator: "NIOS_Sys" instantiated altera_merlin_slave_translator "nios2_qsys_0_jtag_debug_module_translator"
Info: nios2_qsys_0_instruction_master_translator_avalon_universal_master_0_agent: "NIOS_Sys" instantiated altera_merlin_master_agent "nios2_qsys_0_instruction_master_translator_avalon_universal_master_0_agent"
Info: nios2_qsys_0_jtag_debug_module_translator_avalon_universal_slave_0_agent: "NIOS_Sys" instantiated altera_merlin_slave_agent "nios2_qsys_0_jtag_debug_module_translator_avalon_universal_slave_0_agent"
Info: nios2_qsys_0_jtag_debug_module_translator_avalon_universal_slave_0_agent_rsp_fifo: "NIOS_Sys" instantiated altera_avalon_sc_fifo "nios2_qsys_0_jtag_debug_module_translator_avalon_universal_slave_0_agent_rsp_fifo"
Info: addr_router: "NIOS_Sys" instantiated altera_merlin_router "addr_router"
Info: addr_router_001: "NIOS_Sys" instantiated altera_merlin_router "addr_router_001"
Info: id_router: "NIOS_Sys" instantiated altera_merlin_router "id_router"
Info: id_router_001: "NIOS_Sys" instantiated altera_merlin_router "id_router_001"
Info: id_router_002: "NIOS_Sys" instantiated altera_merlin_router "id_router_002"
Info: limiter: "NIOS_Sys" instantiated altera_merlin_traffic_limiter "limiter"
Info: burst_adapter: "NIOS_Sys" instantiated altera_merlin_burst_adapter "burst_adapter"
Info: rst_controller: "NIOS_Sys" instantiated altera_reset_controller "rst_controller"
Info: cmd_xbar_demux: "NIOS_Sys" instantiated altera_merlin_demultiplexer "cmd_xbar_demux"
Info: cmd_xbar_demux_001: "NIOS_Sys" instantiated altera_merlin_demultiplexer "cmd_xbar_demux_001"
Info: cmd_xbar_mux: "NIOS_Sys" instantiated altera_merlin_multiplexer "cmd_xbar_mux"
Info: rsp_xbar_demux: "NIOS_Sys" instantiated altera_merlin_demultiplexer "rsp_xbar_demux"
Info: rsp_xbar_demux_002: "NIOS_Sys" instantiated altera_merlin_demultiplexer "rsp_xbar_demux_002"
Info: rsp_xbar_mux: "NIOS_Sys" instantiated altera_merlin_multiplexer "rsp_xbar_mux"
Info: Reusing file C:/work/Zhuhai2014/DE0Course/NIOS_Sys/synthesis/submodules/altera_merlin_arbitrator.sv
Info: rsp_xbar_mux_001: "NIOS_Sys" instantiated altera_merlin_multiplexer "rsp_xbar_mux_001"
Info: Reusing file C:/work/Zhuhai2014/DE0Course/NIOS_Sys/synthesis/submodules/altera_merlin_arbitrator.sv
Info: width_adapter: "NIOS_Sys" instantiated altera_merlin_width_adapter "width_adapter"
Info: Reusing file C:/work/Zhuhai2014/DE0Course/NIOS_Sys/synthesis/submodules/altera_merlin_address_alignment.sv
Info: Reusing file C:/work/Zhuhai2014/DE0Course/NIOS_Sys/synthesis/submodules/altera_merlin_burst_uncompressor.sv
Info: irq_mapper: "NIOS_Sys" instantiated altera_irq_mapper "irq_mapper"
Info: NIOS_Sys: Done NIOS_Sys" with 31 modules, 101 files, 2122927 bytes
Info: ip-generate succeeded.
Info: Finished: Create HDL design files for synthesis
